[debug] [2022-02-18T16:12:15.430Z] ----------------------------------------------------------------------
[debug] [2022-02-18T16:12:15.432Z] Command:       C:\Program Files\nodejs\node.exe C:\Users\roman\AppData\Roaming\npm\node_modules\firebase-tools\lib\bin\firebase.js init
[debug] [2022-02-18T16:12:15.432Z] CLI Version:   10.2.1
[debug] [2022-02-18T16:12:15.433Z] Platform:      win32
[debug] [2022-02-18T16:12:15.433Z] Node Version:  v16.13.0
[debug] [2022-02-18T16:12:15.434Z] Time:          Fri Feb 18 2022 19:12:15 GMT+0300 (Москва, стандартное время)
[debug] [2022-02-18T16:12:15.434Z] ----------------------------------------------------------------------
[debug] 
[debug] [2022-02-18T16:12:15.444Z] > command requires scopes: ["email","openid","https://www.googleapis.com/auth/cloudplatformprojects.readonly","https://www.googleapis.com/auth/firebase","https://www.googleapis.com/auth/cloud-platform"]
[debug] [2022-02-18T16:12:15.444Z] > authorizing via signed-in user (roman.bashtovyy@gmail.com)
[info] 
     ######## #### ########  ######## ########     ###     ######  ########
     ##        ##  ##     ## ##       ##     ##  ##   ##  ##       ##
     ######    ##  ########  ######   ########  #########  ######  ######
     ##        ##  ##    ##  ##       ##     ## ##     ##       ## ##
     ##       #### ##     ## ######## ########  ##     ##  ######  ########

You're about to initialize a Firebase project in this directory:

  D:\programming\practice\practice react\react_quiz

[info] 
=== Project Setup
[info] 
[info] First, let's associate this project directory with a Firebase project.
[info] You can create multiple project aliases by running firebase use --add, 
[info] but for now we'll just set up a default project.
[info] 
[debug] [2022-02-18T16:16:15.439Z] >>> [apiv2][query] GET https://firebase.googleapis.com/v1beta1/projects pageSize=100
[debug] [2022-02-18T16:16:16.011Z] <<< [apiv2][status] GET https://firebase.googleapis.com/v1beta1/projects 200
[debug] [2022-02-18T16:16:16.012Z] <<< [apiv2][body] GET https://firebase.googleapis.com/v1beta1/projects [omitted]
[info] i  Using project react-quiz-9de31 (react-quiz) 
[info] 
=== Hosting Setup
[info] 
[info] Your public directory is the folder (relative to your project directory) that
[info] will contain Hosting assets to be uploaded with firebase deploy. If you
[info] have a build process for your assets, use your build's output directory.
[info] 
[debug] [2022-02-18T16:16:55.478Z] >>> [apiv2][query] GET https://www.gstatic.com/firebasejs/releases.json [none]
[debug] [2022-02-18T16:16:55.574Z] <<< [apiv2][status] GET https://www.gstatic.com/firebasejs/releases.json 200
[debug] [2022-02-18T16:16:55.574Z] <<< [apiv2][body] GET https://www.gstatic.com/firebasejs/releases.json {"current":{"version":"9.6.7","browserURL":"https://www.gstatic.com/firebasejs/9.6.7/firebase.js","packageURL":"https://www.gstatic.com/firebasejs/9.6.7/firebase.tgz"},"live":{"version":"9.6","browserURL":"https://www.gstatic.com/firebasejs/live/9.6/firebase.js","packageURL":"https://www.gstatic.com/firebasejs/live/9.6/firebase.tgz"},"components":{"analytics":"https://www.gstatic.com/firebasejs/9.6.7/firebase-analytics.js","app":"https://www.gstatic.com/firebasejs/9.6.7/firebase-app.js","app-check":"https://www.gstatic.com/firebasejs/9.6.7/firebase-app-check.js","auth":"https://www.gstatic.com/firebasejs/9.6.7/firebase-auth.js","auth/cordova":"https://www.gstatic.com/firebasejs/9.6.7/firebase-auth/cordova.js","auth/react-native":"https://www.gstatic.com/firebasejs/9.6.7/firebase-auth/react-native.js","functions":"https://www.gstatic.com/firebasejs/9.6.7/firebase-functions.js","firestore":"https://www.gstatic.com/firebasejs/9.6.7/firebase-firestore.js","firestore/lite":"https://www.gstatic.com/firebasejs/9.6.7/firebase-firestore/lite.js","storage":"https://www.gstatic.com/firebasejs/9.6.7/firebase-storage.js","performance":"https://www.gstatic.com/firebasejs/9.6.7/firebase-performance.js","remote-config":"https://www.gstatic.com/firebasejs/9.6.7/firebase-remote-config.js","messaging":"https://www.gstatic.com/firebasejs/9.6.7/firebase-messaging.js","messaging/sw":"https://www.gstatic.com/firebasejs/9.6.7/firebase-messaging/sw.js","database":"https://www.gstatic.com/firebasejs/9.6.7/firebase-database.js","firestore.memory":"https://www.gstatic.com/firebasejs/9.6.7/firebase-firestore.memory.js"}}
[info] i  Skipping write of build/index.html 
[info] 
[info] i  Detected a .git folder at D:\programming\practice\practice react\react_quiz 
[info] i  Authorizing with GitHub to upload your service account to a GitHub repository's secrets store. 
[info] 
[info] Visit this URL on this device to log in:
[info] https://github.com/login/oauth/authorize?client_id=89cf50f02ac6aaed3484&state=464494055&redirect_uri=http%3A%2F%2Flocalhost%3A9005&scope=read%3Auser%20repo%20public_repo
[info] 
[info] Waiting for authentication...
[debug] [2022-02-18T16:17:17.163Z] >>> HTTP REQUEST POST https://github.com/login/oauth/access_token  
 {"client_id":"89cf50f02ac6aaed3484","client_secret":"3330d14abc895d9a74d5f17cd7a00711fa2c5bf0","code":"66f0c6cc4f9527cc4b2a","redirect_uri":"http://localhost:9005","state":"464494055"}
[debug] [2022-02-18T16:17:17.462Z] <<< HTTP RESPONSE 200 {"server":"GitHub.com","date":"Fri, 18 Feb 2022 17:16:16 GMT","content-type":"application/json; charset=utf-8","transfer-encoding":"chunked","vary":"X-PJAX, X-PJAX-Container, Accept-Encoding, Accept, X-Requested-With","permissions-policy":"interest-cohort=()","etag":"W/\"270c8cf528a456a263e5a2dfe95e1e7b\"","cache-control":"max-age=0, private, must-revalidate","strict-transport-security":"max-age=31536000; includeSubdomains; preload","x-frame-options":"deny","x-content-type-options":"nosniff","x-xss-protection":"0","referrer-policy":"origin-when-cross-origin, strict-origin-when-cross-origin","expect-ct":"max-age=2592000, report-uri=\"https://api.github.com/_private/browser/errors\"","content-security-policy":"default-src 'none'; base-uri 'self'; block-all-mixed-content; child-src github.com/assets-cdn/worker/ gist.github.com/assets-cdn/worker/; connect-src 'self' uploads.github.com objects-origin.githubusercontent.com www.githubstatus.com collector.githubapp.com collector.github.com api.github.com github-cloud.s3.amazonaws.com github-production-repository-file-5c1aeb.s3.amazonaws.com github-production-upload-manifest-file-7fdce7.s3.amazonaws.com github-production-user-asset-6210df.s3.amazonaws.com cdn.optimizely.com logx.optimizely.com/v1/events translator.github.com wss://alive.github.com; font-src github.githubassets.com; form-action 'self' github.com gist.github.com objects-origin.githubusercontent.com; frame-ancestors 'none'; frame-src render.githubusercontent.com viewscreen.githubusercontent.com notebooks.githubusercontent.com; img-src 'self' data: github.githubassets.com identicons.github.com collector.githubapp.com collector.github.com github-cloud.s3.amazonaws.com secured-user-images.githubusercontent.com/ *.githubusercontent.com; manifest-src 'self'; media-src github.com user-images.githubusercontent.com/; script-src github.githubassets.com; style-src 'unsafe-inline' github.githubassets.com; worker-src github.com/assets-cdn/worker/ gist.github.com/assets-cdn/worker/","x-github-request-id":"DAD6:4323:F28579:FF979A:620FD45F"}
[debug] [2022-02-18T16:17:17.481Z] >>> [apiv2][query] GET https://api.github.com/user [none]
[debug] [2022-02-18T16:17:17.883Z] <<< [apiv2][status] GET https://api.github.com/user 200
[debug] [2022-02-18T16:17:17.883Z] <<< [apiv2][body] GET https://api.github.com/user {"login":"Romanuss-it","id":64528732,"node_id":"MDQ6VXNlcjY0NTI4NzMy","avatar_url":"https://avatars.githubusercontent.com/u/64528732?v=4","gravatar_id":"","url":"https://api.github.com/users/Romanuss-it","html_url":"https://github.com/Romanuss-it","followers_url":"https://api.github.com/users/Romanuss-it/followers","following_url":"https://api.github.com/users/Romanuss-it/following{/other_user}","gists_url":"https://api.github.com/users/Romanuss-it/gists{/gist_id}","starred_url":"https://api.github.com/users/Romanuss-it/starred{/owner}{/repo}","subscriptions_url":"https://api.github.com/users/Romanuss-it/subscriptions","organizations_url":"https://api.github.com/users/Romanuss-it/orgs","repos_url":"https://api.github.com/users/Romanuss-it/repos","events_url":"https://api.github.com/users/Romanuss-it/events{/privacy}","received_events_url":"https://api.github.com/users/Romanuss-it/received_events","type":"User","site_admin":false,"name":"Роман Баштовий","company":"Національний педагогічний університет ім. М. П. Драгоманова","blog":"https://t.me/romanuss","location":"Київ","email":null,"hireable":true,"bio":"Студент, майбутній React-розробник :)","twitter_username":null,"public_repos":19,"public_gists":0,"followers":0,"following":0,"created_at":"2020-04-29T09:52:48Z","updated_at":"2022-02-03T09:52:23Z","private_gists":0,"total_private_repos":0,"owned_private_repos":0,"disk_usage":9459,"collaborators":0,"two_factor_authentication":false,"plan":{"name":"free","space":976562499,"collaborators":0,"private_repos":10000}}
[info] 
[info] +  Success! Logged into GitHub as Romanuss-it 
[info] 
